<?xml version="1.0" encoding="UTF-8"?>
<!-- Generated by org.testng.reporters.JUnitXMLReporter -->
<testsuite ignored="0" hostname="DESKTOP-KRN5IFD" failures="0" tests="4" name="Default test" time="42.23" errors="0" timestamp="2024-04-01T20:34:33 EDT">
  <testcase classname="com.ws.testcase.TestBooksPage" name="testBooksPage" time="2.467"/>
  <testcase classname="com.ws.testcase.TestBooksPage" name="SortBooksByVisibleText" time="2.879"/>
  <testcase classname="com.ws.testcase.TestBooksPage" name="testDisplayBooksQuantityByVisibleText" time="2.877"/>
  <testcase classname="com.ws.testcase.TestBooksPage" name="testViewBooksDisplayOrientationByVisibleText" time="2.997"/>
</testsuite> <!-- Default test -->
