<?xml version="1.0" encoding="UTF-8"?>
<!-- Generated by org.testng.reporters.JUnitXMLReporter -->
<testsuite ignored="3" hostname="DESKTOP-KRN5IFD" failures="0" tests="1" name="Default test" time="10.196" errors="0" timestamp="2024-04-01T18:03:25 EDT">
  <testcase classname="com.ws.testcase.TestPasswordRecoveryPage" name="testValidEmailAddress" time="1.834"/>
  <testcase classname="com.ws.testcase.TestPasswordRecoveryPage" name="testPasswordRecoveryPage" time="0.0">
    <ignored/>
  </testcase> <!-- testPasswordRecoveryPage -->
  <testcase classname="com.ws.testcase.TestPasswordRecoveryPage" name="testInvalidEmailAddress" time="0.0">
    <ignored/>
  </testcase> <!-- testInvalidEmailAddress -->
  <testcase classname="com.ws.testcase.TestPasswordRecoveryPage" name="testEmptyEmailAddress" time="0.0">
    <ignored/>
  </testcase> <!-- testEmptyEmailAddress -->
</testsuite> <!-- Default test -->
