<?xml version="1.0" encoding="UTF-8"?>
<testng-results ignored="0" total="2" passed="2" failed="0" skipped="0">
  <reporter-output>
  </reporter-output>
  <suite started-at="2024-03-30T21:02:26 EDT" name="Default suite" finished-at="2024-03-30T21:02:40 EDT" duration-ms="13772">
    <groups>
    </groups>
    <test started-at="2024-03-30T21:02:26 EDT" name="Default test" finished-at="2024-03-30T21:02:40 EDT" duration-ms="13772">
      <class name="com.ws.testcase.TestHomePage">
        <test-method is-config="true" signature="setUpReport()[pri:0, instance:com.ws.testcase.TestHomePage@74235045]" started-at="2024-03-30T21:02:26 EDT" name="setUpReport" finished-at="2024-03-30T21:02:26 EDT" duration-ms="150" status="PASS">
          <reporter-output>
          </reporter-output>
        </test-method> <!-- setUpReport -->
        <test-method is-config="true" signature="setUp()[pri:0, instance:com.ws.testcase.TestHomePage@74235045]" started-at="2024-03-30T21:02:26 EDT" name="setUp" finished-at="2024-03-30T21:02:30 EDT" duration-ms="3690" status="PASS">
          <reporter-output>
          </reporter-output>
        </test-method> <!-- setUp -->
        <test-method signature="testGetHomePageTitle()[pri:1, instance:com.ws.testcase.TestHomePage@74235045]" started-at="2024-03-30T21:02:30 EDT" name="testGetHomePageTitle" finished-at="2024-03-30T21:02:30 EDT" duration-ms="20" status="PASS">
          <reporter-output>
          </reporter-output>
        </test-method> <!-- testGetHomePageTitle -->
        <test-method is-config="true" signature="tearDown(org.testng.ITestResult)[pri:0, instance:com.ws.testcase.TestHomePage@74235045]" started-at="2024-03-30T21:02:30 EDT" name="tearDown" finished-at="2024-03-30T21:02:33 EDT" duration-ms="3341" status="PASS">
          <params>
            <param index="0">
              <value>
                <![CDATA[[TestResult name=testGetHomePageTitle status=SUCCESS method=TestHomePage.testGetHomePageTitle()[pri:1, instance:com.ws.testcase.TestHomePage@74235045] output={null}]]]>
              </value>
            </param>
          </params>
          <reporter-output>
          </reporter-output>
        </test-method> <!-- tearDown -->
        <test-method is-config="true" signature="setUp()[pri:0, instance:com.ws.testcase.TestHomePage@74235045]" started-at="2024-03-30T21:02:33 EDT" name="setUp" finished-at="2024-03-30T21:02:36 EDT" duration-ms="2915" status="PASS">
          <reporter-output>
          </reporter-output>
        </test-method> <!-- setUp -->
        <test-method signature="testClickLoginLing()[pri:2, instance:com.ws.testcase.TestHomePage@74235045]" started-at="2024-03-30T21:02:36 EDT" name="testClickLoginLing" finished-at="2024-03-30T21:02:37 EDT" duration-ms="452" status="PASS">
          <reporter-output>
          </reporter-output>
        </test-method> <!-- testClickLoginLing -->
        <test-method is-config="true" signature="tearDown(org.testng.ITestResult)[pri:0, instance:com.ws.testcase.TestHomePage@74235045]" started-at="2024-03-30T21:02:37 EDT" name="tearDown" finished-at="2024-03-30T21:02:40 EDT" duration-ms="3304" status="PASS">
          <params>
            <param index="0">
              <value>
                <![CDATA[[TestResult name=testClickLoginLing status=SUCCESS method=TestHomePage.testClickLoginLing()[pri:2, instance:com.ws.testcase.TestHomePage@74235045] output={null}]]]>
              </value>
            </param>
          </params>
          <reporter-output>
          </reporter-output>
        </test-method> <!-- tearDown -->
      </class> <!-- com.ws.testcase.TestHomePage -->
    </test> <!-- Default test -->
  </suite> <!-- Default suite -->
</testng-results>
