<?xml version="1.0" encoding="UTF-8"?>
<testng-results ignored="0" total="1" passed="1" failed="0" skipped="0">
  <reporter-output>
  </reporter-output>
  <suite started-at="2024-04-01T19:27:06 EDT" name="Default suite" finished-at="2024-04-01T19:27:18 EDT" duration-ms="11795">
    <groups>
    </groups>
    <test started-at="2024-04-01T19:27:06 EDT" name="Default test" finished-at="2024-04-01T19:27:18 EDT" duration-ms="11795">
      <class name="com.ws.testcase.TestBooksPage">
        <test-method is-config="true" signature="setUpReport()[pri:0, instance:com.ws.testcase.TestBooksPage@765d7657]" started-at="2024-04-01T19:27:06 EDT" name="setUpReport" finished-at="2024-04-01T19:27:06 EDT" duration-ms="255" status="PASS">
          <reporter-output>
          </reporter-output>
        </test-method> <!-- setUpReport -->
        <test-method is-config="true" signature="setUp()[pri:0, instance:com.ws.testcase.TestBooksPage@765d7657]" started-at="2024-04-01T19:27:06 EDT" name="setUp" finished-at="2024-04-01T19:27:11 EDT" duration-ms="5074" status="PASS">
          <reporter-output>
          </reporter-output>
        </test-method> <!-- setUp -->
        <test-method signature="testBooksPage()[pri:0, instance:com.ws.testcase.TestBooksPage@765d7657]" started-at="2024-04-01T19:27:11 EDT" name="testBooksPage" finished-at="2024-04-01T19:27:14 EDT" duration-ms="2841" status="PASS">
          <reporter-output>
          </reporter-output>
        </test-method> <!-- testBooksPage -->
        <test-method is-config="true" signature="tearDown(org.testng.ITestResult)[pri:0, instance:com.ws.testcase.TestBooksPage@765d7657]" started-at="2024-04-01T19:27:14 EDT" name="tearDown" finished-at="2024-04-01T19:27:18 EDT" duration-ms="3817" status="PASS">
          <params>
            <param index="0">
              <value>
                <![CDATA[[TestResult name=testBooksPage status=SUCCESS method=TestBooksPage.testBooksPage()[pri:0, instance:com.ws.testcase.TestBooksPage@765d7657] output={null}]]]>
              </value>
            </param>
          </params>
          <reporter-output>
          </reporter-output>
        </test-method> <!-- tearDown -->
      </class> <!-- com.ws.testcase.TestBooksPage -->
    </test> <!-- Default test -->
  </suite> <!-- Default suite -->
</testng-results>
